[0.000000] Reading FastQ file /projects/bgmp/shared/Bi621/800_3_PE5_interleaved.fq_1;
[2.394584] 858989 sequences found
[2.394587] Done
[2.416941] Reading FastQ file /projects/bgmp/shared/Bi621/800_3_PE5_interleaved.fq_2;
[4.019792] 858989 sequences found
[4.019794] Done
[4.049743] Reading FastQ file /projects/bgmp/shared/Bi621/800_3_PE5_interleaved.fq.unmatched;
[5.520147] 849803 sequences found
[5.520149] Done
[5.566816] Reading read set file /projects/bgmp/sseale/projects/ps6/kmer49/cut-40x//Sequences;
[5.980899] 2567781 sequences found
[8.020332] Done
[8.020337] 2567781 sequences in total.
[8.021286] Writing into roadmap file /projects/bgmp/sseale/projects/ps6/kmer49/cut-40x//Roadmaps...
[9.864856] Inputting sequences...
[9.875462] Inputting sequence 0 / 2567781
[822.111463] Inputting sequence 1000000 / 2567781
[1634.775462] Inputting sequence 2000000 / 2567781
[2096.280484]  === Sequences loaded in 2086.415639 s
[2096.280772] Done inputting sequences
[2096.280775] Destroying splay table
[2096.295640] Splay table destroyed
	Command being timed: "velveth /projects/bgmp/sseale/projects/ps6/kmer49/cut-40x/ 49 -fastq -shortPaired /projects/bgmp/shared/Bi621/800_3_PE5_interleaved.fq_1 /projects/bgmp/shared/Bi621/800_3_PE5_interleaved.fq_2 -fastq -short /projects/bgmp/shared/Bi621/800_3_PE5_interleaved.fq.unmatched"
	User time (seconds): 2094.79
	System time (seconds): 1.33
	Percent of CPU this job got: 99%
	Elapsed (wall clock) time (h:mm:ss or m:ss): 34:56.32
	Average shared text size (kbytes): 0
	Average unshared data size (kbytes): 0
	Average stack size (kbytes): 0
	Average total size (kbytes): 0
	Maximum resident set size (kbytes): 688312
	Average resident set size (kbytes): 0
	Major (requiring I/O) page faults: 0
	Minor (reclaiming a frame) page faults: 733735
	Voluntary context switches: 364
	Involuntary context switches: 162696
	Swaps: 0
	File system inputs: 0
	File system outputs: 0
	Socket messages sent: 0
	Socket messages received: 0
	Signals delivered: 0
	Page size (bytes): 4096
	Exit status: 0
