[0.000000] Reading FastQ file /projects/bgmp/shared/Bi621/800_3_PE5_interleaved.fq_1;
[2.291835] 858989 sequences found
[2.291837] Done
[2.309939] Reading FastQ file /projects/bgmp/shared/Bi621/800_3_PE5_interleaved.fq_2;
[3.822942] 858989 sequences found
[3.822944] Done
[3.844750] Reading FastQ file /projects/bgmp/shared/Bi621/800_3_PE5_interleaved.fq.unmatched;
[5.248752] 849803 sequences found
[5.248754] Done
[5.295483] Reading read set file /projects/bgmp/sseale/projects/ps6/kmer49/cut-20x//Sequences;
[5.698055] 2567781 sequences found
[7.634257] Done
[7.634263] 2567781 sequences in total.
[7.636033] Writing into roadmap file /projects/bgmp/sseale/projects/ps6/kmer49/cut-20x//Roadmaps...
[9.418587] Inputting sequences...
[9.429290] Inputting sequence 0 / 2567781
[823.731291] Inputting sequence 1000000 / 2567781
[1639.547292] Inputting sequence 2000000 / 2567781
[2103.119313]  === Sequences loaded in 2093.700737 s
[2103.119594] Done inputting sequences
[2103.119597] Destroying splay table
[2103.135664] Splay table destroyed
	Command being timed: "velveth /projects/bgmp/sseale/projects/ps6/kmer49/cut-20x/ 49 -fastq -shortPaired /projects/bgmp/shared/Bi621/800_3_PE5_interleaved.fq_1 /projects/bgmp/shared/Bi621/800_3_PE5_interleaved.fq_2 -fastq -short /projects/bgmp/shared/Bi621/800_3_PE5_interleaved.fq.unmatched"
	User time (seconds): 2101.70
	System time (seconds): 1.26
	Percent of CPU this job got: 99%
	Elapsed (wall clock) time (h:mm:ss or m:ss): 35:03.20
	Average shared text size (kbytes): 0
	Average unshared data size (kbytes): 0
	Average stack size (kbytes): 0
	Average total size (kbytes): 0
	Maximum resident set size (kbytes): 688324
	Average resident set size (kbytes): 0
	Major (requiring I/O) page faults: 0
	Minor (reclaiming a frame) page faults: 698685
	Voluntary context switches: 742
	Involuntary context switches: 163752
	Swaps: 0
	File system inputs: 0
	File system outputs: 0
	Socket messages sent: 0
	Socket messages received: 0
	Signals delivered: 0
	Page size (bytes): 4096
	Exit status: 0
